0 info it worked if it ends with ok
1 verbose cli [ '/usr/local/bin/node', '/usr/local/bin/npm', 'run', 'specs' ]
2 info using npm@3.8.3
3 info using node@v5.10.1
4 verbose run-script [ 'prespecs', 'specs', 'postspecs' ]
5 info lifecycle ddr_mine_client@1.0.0~prespecs: ddr_mine_client@1.0.0
6 silly lifecycle ddr_mine_client@1.0.0~prespecs: no script for prespecs, continuing
7 info lifecycle ddr_mine_client@1.0.0~specs: ddr_mine_client@1.0.0
8 verbose lifecycle ddr_mine_client@1.0.0~specs: unsafe-perm in lifecycle true
9 verbose lifecycle ddr_mine_client@1.0.0~specs: PATH: /usr/local/lib/node_modules/npm/bin/node-gyp-bin:/Users/nicholas/Dropbox/Training/AngularJS2/demo/0147_ts_ajax/demo/node_modules/.bin:/usr/local/bin:/usr/local/lib/node_modules/npm/bin/node-gyp-bin:/Users/nicholas/Dropbox/Training/AngularJS2/demo/0147_ts_ajax/demo/node_modules/.bin:/usr/local/bin:/Users/nicholas/.rvm/gems/ruby-2.1.0/bin:/Users/nicholas/.rvm/gems/ruby-2.1.0@global/bin:/Users/nicholas/.rvm/rubies/ruby-2.1.0/bin:/Library/Frameworks/Python.framework/Versions/2.7/bin:/usr/local/bin:/usr/bin:/bin:/usr/sbin:/sbin:/opt/X11/bin:/Users/nicholas/bin:/Applications/Postgres.app/Contents/Versions/9.3/bin:/Users/nicholas/.rvm/bin
10 verbose lifecycle ddr_mine_client@1.0.0~specs: CWD: /Users/nicholas/Dropbox/Training/AngularJS2/demo/0147_ts_ajax/demo
11 silly lifecycle ddr_mine_client@1.0.0~specs: Args: [ '-c', 'live-server --open=specs.build/specs.html' ]
12 silly lifecycle ddr_mine_client@1.0.0~specs: Returned: code: 1  signal: null
13 info lifecycle ddr_mine_client@1.0.0~specs: Failed to exec specs script
14 verbose stack Error: ddr_mine_client@1.0.0 specs: `live-server --open=specs.build/specs.html`
14 verbose stack Exit status 1
14 verbose stack     at EventEmitter.<anonymous> (/usr/local/lib/node_modules/npm/lib/utils/lifecycle.js:239:16)
14 verbose stack     at emitTwo (events.js:100:13)
14 verbose stack     at EventEmitter.emit (events.js:185:7)
14 verbose stack     at ChildProcess.<anonymous> (/usr/local/lib/node_modules/npm/lib/utils/spawn.js:24:14)
14 verbose stack     at emitTwo (events.js:100:13)
14 verbose stack     at ChildProcess.emit (events.js:185:7)
14 verbose stack     at maybeClose (internal/child_process.js:850:16)
14 verbose stack     at Process.ChildProcess._handle.onexit (internal/child_process.js:215:5)
15 verbose pkgid ddr_mine_client@1.0.0
16 verbose cwd /Users/nicholas/Dropbox/Training/AngularJS2/demo/0147_ts_ajax/demo
17 error Darwin 16.4.0
18 error argv "/usr/local/bin/node" "/usr/local/bin/npm" "run" "specs"
19 error node v5.10.1
20 error npm  v3.8.3
21 error code ELIFECYCLE
22 error ddr_mine_client@1.0.0 specs: `live-server --open=specs.build/specs.html`
22 error Exit status 1
23 error Failed at the ddr_mine_client@1.0.0 specs script 'live-server --open=specs.build/specs.html'.
23 error Make sure you have the latest version of node.js and npm installed.
23 error If you do, this is most likely a problem with the ddr_mine_client package,
23 error not with npm itself.
23 error Tell the author that this fails on your system:
23 error     live-server --open=specs.build/specs.html
23 error You can get information on how to open an issue for this project with:
23 error     npm bugs ddr_mine_client
23 error Or if that isn't available, you can get their info via:
23 error     npm owner ls ddr_mine_client
23 error There is likely additional logging output above.
24 verbose exit [ 1, true ]
